SF:lib\features\service\domain\entity\service_entity.dart
DA:10,1
DA:18,0
DA:19,0
LF:3
LH:1
end_of_record
SF:lib\features\service\domain\usecases\service_usecase.dart
DA:7,0
DA:8,0
DA:9,0
DA:10,0
DA:18,0
DA:22,0
DA:23,0
DA:26,0
DA:28,0
LF:9
LH:0
end_of_record
SF:lib\features\service\presentation\viewmodel\service_view_model.dart
DA:5,2
DA:6,1
DA:7,0
DA:8,0
DA:9,0
DA:16,1
DA:18,2
DA:19,1
DA:24,0
DA:25,0
DA:26,0
DA:29,0
DA:30,0
DA:31,0
DA:32,0
DA:33,0
DA:34,0
DA:35,0
DA:39,1
DA:40,3
DA:41,1
DA:42,2
DA:43,1
DA:44,1
DA:47,2
DA:48,1
DA:49,0
DA:52,0
DA:54,1
DA:55,1
DA:56,0
DA:61,3
DA:62,2
LF:33
LH:17
end_of_record
SF:lib\core\failure\failure.dart
DA:5,1
LF:1
LH:1
end_of_record
SF:lib\features\service\domain\repository\i_service_repository.dart
DA:7,0
DA:8,0
LF:2
LH:0
end_of_record
SF:lib\app\constants\api_endpoint.dart
DA:2,0
LF:1
LH:0
end_of_record
SF:lib\core\networking\remote\dio_error_interceptor.dart
DA:4,0
DA:6,0
DA:8,0
DA:9,0
DA:10,0
DA:11,0
DA:12,0
DA:13,0
DA:16,0
DA:17,0
DA:18,0
DA:20,0
DA:25,0
DA:26,0
DA:28,0
DA:31,0
LF:16
LH:0
end_of_record
SF:lib\core\networking\remote\http_service.dart
DA:8,0
DA:9,0
DA:15,0
DA:17,0
DA:18,0
DA:19,0
DA:20,0
DA:21,0
DA:22,0
DA:23,0
DA:25,0
LF:11
LH:0
end_of_record
SF:lib\core\shared_prefs\user_shared_prefs.dart
DA:6,0
DA:7,0
DA:14,0
DA:16,0
DA:17,0
DA:20,0
DA:25,0
DA:27,0
DA:28,0
DA:30,0
DA:32,0
DA:36,0
DA:38,0
DA:39,0
DA:42,0
DA:47,0
DA:49,0
DA:50,0
DA:53,0
DA:58,0
DA:60,0
DA:61,0
DA:64,0
DA:66,0
DA:69,0
LF:25
LH:0
end_of_record
SF:lib\features\service\data\data_source\remote\service_api_datasource.dart
DA:12,0
DA:13,0
DA:14,0
DA:15,0
DA:16,0
DA:18,0
DA:30,0
DA:36,0
DA:38,0
DA:39,0
DA:40,0
DA:41,0
DA:43,0
DA:44,0
DA:45,0
DA:46,0
DA:51,0
DA:52,0
DA:53,0
DA:59,0
DA:62,0
DA:63,0
DA:64,0
DA:66,0
DA:70,0
DA:71,0
DA:72,0
DA:76,0
DA:77,0
DA:78,0
DA:80,0
DA:81,0
DA:82,0
DA:83,0
DA:86,0
DA:87,0
DA:88,0
DA:89,0
LF:38
LH:0
end_of_record
SF:lib\features\service\data\dto\service_dto.dart
DA:12,0
DA:18,0
DA:19,0
DA:20,0
LF:4
LH:0
end_of_record
SF:lib\features\service\data\dto\service_dto.g.dart
DA:9,0
DA:10,0
DA:11,0
DA:12,0
DA:13,0
DA:14,0
DA:17,0
DA:18,0
DA:19,0
DA:20,0
DA:21,0
LF:11
LH:0
end_of_record
SF:lib\features\service\data\model\service_api_model.dart
DA:8,0
DA:9,0
DA:20,0
DA:27,2
DA:34,0
DA:35,0
DA:36,0
DA:37,0
DA:38,0
DA:39,0
DA:40,0
DA:44,0
DA:45,0
DA:46,0
DA:47,0
DA:48,0
DA:49,0
DA:50,0
DA:54,0
DA:55,0
DA:57,0
DA:59,0
DA:60,0
DA:62,0
DA:63,0
LF:25
LH:1
end_of_record
SF:lib\features\service\data\model\service_api_model.g.dart
DA:9,0
DA:10,0
DA:11,0
DA:12,0
DA:13,0
DA:14,0
DA:15,0
DA:18,0
DA:19,0
DA:20,0
DA:21,0
DA:22,0
DA:23,0
DA:24,0
LF:14
LH:0
end_of_record
SF:lib\features\service\data\repository\service_remote_repository.dart
DA:8,0
DA:9,0
DA:10,0
DA:11,0
DA:19,0
DA:23,0
DA:25,0
DA:28,0
DA:31,0
LF:9
LH:0
end_of_record
SF:lib\features\service\presentation\state\service_state.dart
DA:11,1
DA:19,1
DA:20,1
DA:21,1
DA:29,1
DA:36,1
DA:37,1
DA:38,0
DA:39,1
DA:40,1
DA:41,1
LF:11
LH:10
end_of_record
SF:lib\features\auth\domain\entity\auth_entity.dart
DA:11,2
DA:19,1
DA:20,0
DA:28,0
DA:29,0
DA:30,0
DA:31,0
DA:32,0
DA:33,0
DA:34,0
LF:10
LH:2
end_of_record
SF:lib\features\auth\domain\usecases\auth_usecase.dart
DA:8,0
DA:9,0
DA:10,0
DA:11,0
DA:18,0
DA:20,0
DA:21,0
DA:24,0
DA:25,0
DA:28,0
DA:29,0
DA:32,0
DA:33,0
DA:36,0
DA:37,0
DA:38,0
DA:39,0
DA:40,0
DA:43,0
LF:19
LH:0
end_of_record
SF:lib\features\auth\presentation\navigator\register_navigator.dart
DA:6,0
DA:7,0
DA:12,0
DA:13,0
LF:4
LH:0
end_of_record
SF:lib\features\auth\presentation\navigator\login_navigator.dart
DA:7,0
DA:8,0
DA:13,0
DA:14,0
LF:4
LH:0
end_of_record
SF:lib\features\home\presentation\navigator\home_navigator.dart
DA:7,0
DA:8,0
DA:14,0
DA:15,0
LF:4
LH:0
end_of_record
SF:lib\features\auth\presentation\viewmodel\auth_viewmodel.dart
DA:8,2
DA:9,1
DA:10,0
DA:11,0
DA:15,3
DA:20,1
DA:21,3
DA:22,2
DA:23,1
DA:24,1
DA:25,4
DA:28,1
DA:29,3
DA:35,1
DA:36,3
DA:37,2
DA:38,1
DA:39,0
DA:40,0
DA:43,1
DA:44,3
DA:47,2
DA:52,1
DA:55,1
DA:59,1
DA:73,0
DA:74,0
DA:75,0
DA:78,0
DA:80,0
LF:30
LH:21
end_of_record
SF:lib\features\auth\domain\repository\i_auth_repository.dart
DA:9,0
DA:10,0
DA:11,0
DA:12,0
DA:14,0
LF:5
LH:0
end_of_record
SF:lib\app\constants\hive_table_constant.dart
DA:2,0
LF:1
LH:0
end_of_record
SF:lib\app\navigator\navigator.dart
DA:5,0
DA:8,0
DA:9,0
DA:10,0
DA:11,0
DA:16,0
DA:17,0
DA:18,0
DA:19,0
DA:24,0
DA:25,0
DA:26,0
LF:12
LH:0
end_of_record
SF:lib\app\navigator_key\navigator_key.dart
DA:4,0
DA:6,0
LF:2
LH:0
end_of_record
SF:lib\core\common\provider\connectivity_status.dart
DA:8,0
DA:9,0
DA:10,0
DA:17,0
DA:18,0
DA:20,0
DA:21,0
DA:22,0
DA:23,0
DA:25,0
DA:27,0
DA:28,0
DA:29,0
LF:13
LH:0
end_of_record
SF:lib\core\common\provider\theme_view_model_provider.dart
DA:3,0
DA:4,0
DA:7,0
DA:9,0
DA:10,0
LF:5
LH:0
end_of_record
SF:lib\core\common\snackbar\show_my_snackbar.dart
DA:4,0
DA:8,0
DA:9,0
DA:10,0
DA:11,0
DA:12,0
LF:6
LH:0
end_of_record
SF:lib\core\common\widgets\custom_scaffold.dart
DA:4,0
DA:6,0
DA:8,0
DA:9,0
DA:15,0
DA:16,0
DA:17,0
DA:23,0
DA:24,0
LF:9
LH:0
end_of_record
SF:lib\core\common\widgets\notification_button.dart
DA:6,0
DA:12,0
DA:14,0
DA:17,0
DA:19,0
DA:21,0
DA:22,0
LF:7
LH:0
end_of_record
SF:lib\core\networking\local\hive_service.dart
DA:7,0
DA:10,0
DA:11,0
DA:12,0
DA:16,0
DA:22,0
DA:23,0
DA:24,0
DA:27,0
DA:28,0
DA:29,0
DA:30,0
DA:31,0
DA:35,0
DA:36,0
DA:37,0
DA:40,0
DA:41,0
DA:42,0
DA:43,0
LF:20
LH:0
end_of_record
SF:lib\features\auth\data\model\auth_hive_model.dart
DA:8,0
DA:9,0
DA:28,0
DA:34,0
DA:36,0
DA:37,0
DA:45,0
DA:46,0
DA:47,0
DA:48,0
DA:49,0
DA:50,0
DA:52,0
DA:53,0
DA:54,0
DA:55,0
DA:56,0
DA:57,0
DA:60,0
DA:61,0
DA:63,0
DA:64,0
DA:66,0
DA:68,0
LF:24
LH:0
end_of_record
SF:lib\features\auth\data\model\auth_hive_model.g.dart
DA:13,0
DA:15,0
DA:16,0
DA:17,0
DA:19,0
DA:20,0
DA:21,0
DA:22,0
DA:23,0
DA:24,0
DA:28,0
DA:31,0
DA:32,0
DA:33,0
DA:34,0
DA:35,0
DA:36,0
DA:37,0
DA:38,0
DA:39,0
DA:40,0
DA:41,0
DA:44,0
DA:45,0
DA:47,0
DA:50,0
DA:51,0
DA:52,0
LF:28
LH:0
end_of_record
SF:lib\features\auth\data\data_source\local\auth_local_datasource.dart
DA:8,0
DA:9,0
DA:10,0
DA:17,0
DA:22,0
DA:25,0
DA:27,0
DA:28,0
DA:31,0
DA:32,0
DA:35,0
DA:39,0
DA:41,0
DA:43,0
DA:44,0
DA:48,0
LF:16
LH:0
end_of_record
SF:lib\features\auth\data\data_source\remote\auth_remote_datasource.dart
DA:11,0
DA:12,0
DA:13,0
DA:14,0
DA:15,0
DA:24,0
DA:30,0
DA:32,0
DA:34,0
DA:36,0
DA:39,0
DA:40,0
DA:41,0
DA:42,0
DA:45,0
DA:49,0
DA:52,0
DA:53,0
DA:54,0
DA:55,0
DA:57,0
DA:59,0
DA:60,0
DA:63,0
DA:66,0
DA:67,0
DA:68,0
DA:69,0
DA:71,0
DA:72,0
DA:76,0
DA:79,0
DA:81,0
DA:86,0
DA:87,0
DA:88,0
DA:91,0
DA:92,0
DA:93,0
DA:94,0
DA:96,0
DA:97,0
DA:101,0
DA:104,0
DA:105,0
DA:106,0
DA:107,0
DA:109,0
DA:111,0
DA:112,0
DA:116,0
DA:117,0
DA:119,0
DA:120,0
DA:121,0
DA:122,0
DA:124,0
DA:125,0
DA:129,0
DA:131,0
DA:133,0
DA:135,0
DA:136,0
DA:137,0
DA:140,0
DA:141,0
DA:142,0
DA:143,0
DA:145,0
DA:146,0
LF:70
LH:0
end_of_record
SF:lib\features\auth\data\model\auth_api_model.dart
DA:8,0
DA:9,0
DA:20,0
DA:28,1
DA:35,0
DA:36,0
DA:37,0
DA:38,0
DA:39,0
DA:40,0
DA:41,0
DA:45,0
DA:46,0
DA:47,0
DA:48,0
DA:49,0
DA:50,0
DA:51,0
DA:55,0
DA:56,0
DA:58,0
DA:60,0
DA:61,0
DA:62,0
DA:63,0
DA:64,0
DA:65,0
DA:66,0
LF:28
LH:1
end_of_record
SF:lib\features\auth\data\model\auth_api_model.g.dart
DA:9,0
DA:10,0
DA:11,0
DA:12,0
DA:13,0
DA:14,0
DA:17,0
DA:18,0
DA:19,0
DA:20,0
DA:21,0
DA:22,0
DA:23,0
LF:13
LH:0
end_of_record
SF:lib\features\auth\data\repository\auth_local_repository.dart
DA:8,0
DA:9,0
DA:10,0
DA:16,0
DA:18,0
DA:20,0
DA:23,0
DA:25,0
DA:28,0
DA:31,0
DA:34,0
DA:37,0
DA:40,0
DA:43,0
LF:14
LH:0
end_of_record
SF:lib\features\auth\data\repository\auth_remote_repository.dart
DA:8,0
DA:9,0
DA:10,0
DA:17,0
DA:18,0
DA:20,0
DA:26,0
DA:28,0
DA:31,0
DA:33,0
DA:36,0
DA:38,0
DA:41,0
DA:43,0
LF:14
LH:0
end_of_record
SF:lib\features\auth\presentation\view\login_view.dart
DA:10,1
DA:12,0
DA:13,0
DA:25,0
DA:27,0
DA:28,0
DA:29,0
DA:36,0
DA:38,0
DA:46,0
DA:47,0
DA:48,0
DA:49,0
DA:51,0
DA:53,0
DA:54,0
DA:55,0
DA:56,0
DA:57,0
DA:62,0
DA:69,0
DA:73,0
DA:75,0
DA:79,0
DA:84,0
DA:85,0
DA:86,0
DA:89,0
DA:90,0
DA:95,0
DA:102,0
DA:106,0
DA:108,0
DA:112,0
DA:117,0
DA:119,0
DA:120,0
DA:131,0
DA:133,0
DA:134,0
DA:135,0
DA:136,0
DA:137,0
DA:140,0
DA:155,0
DA:156,0
DA:159,0
DA:160,0
DA:161,0
DA:162,0
DA:167,0
DA:169,0
DA:176,0
DA:177,0
DA:178,0
DA:179,0
DA:180,0
DA:182,0
DA:184,0
DA:186,0
DA:193,0
DA:195,0
DA:196,0
DA:197,0
DA:199,0
DA:214,0
DA:215,0
DA:217,0
DA:255,0
DA:257,0
DA:265,0
DA:267,0
DA:268,0
LF:73
LH:1
end_of_record
SF:lib\features\notification\presentation\navigator\notification_navigator.dart
DA:7,0
DA:8,0
DA:13,0
DA:14,0
LF:4
LH:0
end_of_record
SF:lib\features\auth\presentation\view\register_view.dart
DA:9,1
DA:11,0
DA:12,0
DA:24,0
DA:26,0
DA:27,0
DA:30,0
DA:31,0
DA:32,0
DA:34,0
DA:35,0
DA:36,0
DA:37,0
DA:46,0
DA:48,0
DA:57,0
DA:58,0
DA:59,0
DA:60,0
DA:62,0
DA:64,0
DA:65,0
DA:66,0
DA:67,0
DA:72,0
DA:76,0
DA:77,0
DA:82,0
DA:83,0
DA:84,0
DA:85,0
DA:90,0
DA:94,0
DA:95,0
DA:100,0
DA:101,0
DA:102,0
DA:103,0
DA:108,0
DA:112,0
DA:113,0
DA:117,0
DA:118,0
DA:122,0
DA:123,0
DA:126,0
DA:127,0
DA:132,0
DA:136,0
DA:137,0
DA:142,0
DA:143,0
DA:146,0
DA:147,0
DA:150,0
DA:155,0
DA:159,0
DA:160,0
DA:190,0
DA:192,0
DA:193,0
DA:194,0
DA:195,0
DA:196,0
DA:197,0
DA:198,0
DA:200,0
DA:201,0
DA:202,0
DA:203,0
DA:206,0
DA:217,0
DA:219,0
DA:224,0
DA:225,0
DA:226,0
DA:227,0
DA:228,0
LF:78
LH:1
end_of_record
SF:lib\features\auth\presentation\state\auth_state.dart
DA:5,1
DA:10,2
DA:15,1
DA:20,1
DA:21,0
DA:22,1
LF:6
LH:5
end_of_record
SF:lib\features\auth\presentation\viewmodel\login_viewmodel.dart
DA:5,0
DA:6,0
DA:7,0
DA:8,0
DA:12,0
DA:17,0
DA:18,0
LF:7
LH:0
end_of_record
SF:lib\features\auth\presentation\viewmodel\register_viewmodel.dart
DA:4,0
DA:5,0
DA:6,0
DA:7,0
DA:11,0
DA:15,0
DA:16,0
LF:7
LH:0
end_of_record
SF:lib\features\profile\presentation\navigator\profile_navigator.dart
DA:9,0
DA:10,0
DA:21,0
DA:22,0
LF:4
LH:0
end_of_record
SF:lib\features\change_password\presentation\navigator\change_password_navigator.dart
DA:6,0
DA:7,0
DA:8,0
DA:14,0
DA:15,0
LF:5
LH:0
end_of_record
SF:lib\features\change_password\presentation\view\change_password_view.dart
DA:6,1
DA:8,0
DA:10,0
DA:20,0
DA:22,0
DA:23,0
DA:24,0
DA:34,0
DA:35,0
DA:36,0
DA:45,0
DA:46,0
DA:47,0
DA:48,0
DA:50,0
DA:52,0
DA:53,0
DA:54,0
DA:55,0
DA:60,0
DA:64,0
DA:65,0
DA:70,0
DA:71,0
DA:72,0
DA:73,0
DA:78,0
DA:82,0
DA:83,0
DA:88,0
DA:89,0
DA:92,0
DA:93,0
DA:96,0
DA:101,0
DA:105,0
DA:106,0
DA:112,0
DA:114,0
DA:115,0
DA:116,0
LF:41
LH:1
end_of_record
SF:lib\features\edit_profile\presentation\navigator\edit_profile_navigator.dart
DA:6,0
DA:7,0
DA:8,0
DA:14,0
DA:15,0
LF:5
LH:0
end_of_record
SF:lib\features\profile\presentation\viewmodel\profile_viewmodel.dart
DA:12,0
DA:13,0
DA:14,0
DA:15,0
DA:16,0
DA:17,0
DA:26,0
DA:30,0
DA:31,0
DA:34,0
DA:35,0
DA:36,0
DA:37,0
DA:38,0
DA:41,0
DA:43,0
DA:44,0
DA:45,0
DA:46,0
DA:47,0
DA:48,0
DA:50,0
DA:51,0
DA:52,0
DA:56,0
DA:58,0
DA:62,0
DA:63,0
DA:64,0
DA:65,0
DA:70,0
DA:71,0
DA:72,0
DA:73,0
DA:74,0
DA:76,0
DA:80,0
DA:89,0
DA:94,0
DA:95,0
DA:96,0
DA:101,0
DA:102,0
DA:103,0
DA:104,0
DA:105,0
DA:106,0
DA:108,0
DA:109,0
DA:110,0
DA:112,0
DA:118,0
DA:119,0
DA:122,0
DA:123,0
DA:124,0
DA:127,0
DA:128,0
DA:131,0
DA:132,0
LF:60
LH:0
end_of_record
SF:lib\features\edit_profile\presentation\view\edit_profile_view.dart
DA:7,1
DA:9,0
DA:11,0
DA:22,0
DA:24,0
DA:25,0
DA:26,0
DA:36,0
DA:37,0
DA:38,0
DA:47,0
DA:48,0
DA:49,0
DA:50,0
DA:52,0
DA:54,0
DA:55,0
DA:57,0
DA:58,0
DA:63,0
DA:67,0
DA:68,0
DA:73,0
DA:74,0
DA:76,0
DA:77,0
DA:82,0
DA:86,0
DA:87,0
DA:92,0
DA:93,0
DA:95,0
DA:96,0
DA:101,0
DA:105,0
DA:106,0
DA:110,0
DA:114,0
DA:116,0
DA:117,0
DA:130,0
LF:41
LH:1
end_of_record
SF:lib\features\home\presentation\view\home_view.dart
DA:10,1
DA:12,0
DA:13,0
DA:24,0
DA:26,0
DA:27,0
DA:28,0
DA:36,0
DA:38,0
DA:43,0
DA:45,0
DA:46,0
DA:47,0
LF:13
LH:1
end_of_record
SF:lib\features\home\presentation\view\dashboard_view.dart
DA:9,1
DA:11,0
DA:12,0
DA:80,0
DA:82,0
DA:84,0
DA:85,0
DA:87,0
DA:88,0
DA:89,0
DA:107,0
DA:108,0
DA:109,0
DA:112,0
DA:113,0
DA:114,0
DA:120,0
DA:122,0
DA:123,0
DA:124,0
DA:125,0
DA:134,0
DA:135,0
DA:136,0
LF:24
LH:1
end_of_record
SF:lib\features\home\presentation\viewmodel\home_view_model.dart
DA:6,0
DA:7,0
DA:11,0
DA:15,0
DA:16,0
DA:19,0
DA:20,0
DA:21,0
DA:22,0
DA:25,0
DA:26,0
DA:29,0
DA:30,0
LF:13
LH:0
end_of_record
SF:lib\features\inventory\presentation\view\inventory_view.dart
DA:11,1
DA:13,0
DA:15,0
DA:17,0
DA:18,0
DA:25,0
DA:27,0
DA:28,0
DA:29,0
DA:31,0
DA:32,0
DA:34,0
DA:35,0
DA:37,0
DA:39,0
DA:41,0
DA:43,0
DA:44,0
DA:46,0
DA:50,0
LF:20
LH:1
end_of_record
SF:lib\features\profile\presentation\view\profile_view.dart
DA:11,2
DA:13,0
DA:14,0
DA:18,0
DA:20,0
DA:21,0
DA:22,0
DA:26,0
DA:28,0
DA:30,0
DA:31,0
DA:35,0
DA:37,0
DA:38,0
DA:41,0
DA:42,0
DA:44,0
DA:45,0
DA:46,0
DA:47,0
DA:48,0
DA:52,0
DA:55,0
DA:56,0
DA:59,0
DA:62,0
DA:64,0
DA:65,0
DA:66,0
DA:69,0
DA:72,0
DA:73,0
DA:74,0
DA:75,0
DA:76,0
DA:80,0
DA:83,0
DA:84,0
DA:85,0
DA:90,0
DA:91,0
DA:92,0
DA:95,0
DA:96,0
DA:100,0
DA:102,0
DA:103,0
DA:106,0
DA:107,0
DA:108,0
DA:110,0
DA:111,0
DA:112,0
DA:113,0
DA:119,0
DA:120,0
DA:121,0
DA:122,0
LF:58
LH:1
end_of_record
SF:lib\features\service\presentation\view\service_view.dart
DA:9,1
DA:11,0
DA:12,0
DA:16,0
DA:18,0
DA:19,0
DA:20,0
DA:21,0
DA:28,0
DA:29,0
DA:30,0
DA:31,0
DA:32,0
DA:35,0
DA:40,0
DA:42,0
DA:43,0
DA:44,0
DA:51,0
DA:54,0
DA:55,0
DA:57,0
DA:58,0
DA:60,0
DA:63,0
DA:65,0
DA:67,0
DA:69,0
DA:70,0
DA:72,0
DA:76,0
DA:77,0
LF:32
LH:1
end_of_record
SF:lib\features\inventory\data\model\Cart.dart
DA:7,0
DA:12,0
DA:13,0
DA:14,0
DA:15,0
LF:5
LH:0
end_of_record
SF:lib\features\inventory\data\model\Product.dart
DA:11,0
DA:26,0
DA:27,0
DA:29,0
DA:34,0
DA:47,0
DA:49,0
DA:52,0
DA:64,0
DA:66,0
DA:69,0
DA:82,0
DA:84,0
DA:87,0
DA:99,0
DA:101,0
DA:106,0
DA:119,0
DA:121,0
DA:124,0
DA:136,0
DA:138,0
DA:141,0
DA:154,0
DA:156,0
DA:159,0
LF:26
LH:0
end_of_record
SF:lib\features\inventory\presentation\viewmodel\cart_viewmodel.dart
DA:5,0
DA:7,0
DA:8,0
DA:9,0
DA:10,0
DA:15,0
DA:16,0
LF:7
LH:0
end_of_record
SF:lib\features\inventory\presentation\widgets\cart_card.dart
DA:5,0
DA:12,0
DA:14,0
DA:15,0
DA:16,0
DA:18,0
DA:20,0
DA:22,0
DA:24,0
DA:26,0
DA:31,0
DA:33,0
DA:34,0
DA:35,0
DA:40,0
DA:41,0
DA:42,0
DA:45,0
DA:46,0
DA:47,0
DA:48,0
LF:21
LH:0
end_of_record
SF:lib\features\inventory\presentation\widgets\check_out_card.dart
DA:5,1
DA:9,0
DA:11,0
DA:13,0
DA:18,0
DA:23,0
DA:24,0
DA:27,0
DA:31,0
DA:32,0
DA:35,0
DA:36,0
DA:37,0
DA:38,0
DA:42,0
DA:44,0
DA:46,0
DA:59,0
DA:60,0
DA:74,0
DA:75,0
DA:76,0
LF:22
LH:1
end_of_record
SF:lib\features\notification\presentation\view\notification_view.dart
DA:7,1
DA:9,0
DA:11,0
DA:12,0
DA:19,0
DA:21,0
DA:23,0
DA:25,0
DA:26,0
DA:28,0
DA:29,0
DA:31,0
DA:33,0
DA:35,0
DA:36,0
DA:38,0
LF:16
LH:1
end_of_record
SF:lib\features\notification\presentation\widgets\notification_card.dart
DA:4,1
DA:8,0
DA:10,0
DA:11,0
DA:12,0
DA:14,0
DA:16,0
DA:18,0
DA:20,0
LF:9
LH:1
end_of_record
SF:lib\features\profile\presentation\state\current_profile_state.dart
DA:9,0
DA:15,0
DA:16,0
DA:23,0
DA:28,0
DA:29,0
DA:30,0
DA:31,0
DA:33,0
LF:9
LH:0
end_of_record
SF:lib\features\profile\presentation\widgets\profile_menu.dart
DA:5,0
DA:15,0
DA:17,0
DA:19,0
DA:20,0
DA:24,0
DA:25,0
DA:27,0
DA:28,0
DA:29,0
DA:30,0
DA:31,0
DA:35,0
LF:13
LH:0
end_of_record
SF:lib\features\profile\presentation\widgets\profile_pic.dart
DA:5,1
DA:9,0
DA:11,0
DA:14,0
DA:17,0
DA:21,0
DA:24,0
DA:27,0
DA:28,0
DA:30,0
DA:31,0
DA:36,0
DA:37,0
LF:13
LH:1
end_of_record
SF:lib\features\service\presentation\widgets\bike_card.dart
DA:6,0
DA:13,0
DA:15,0
DA:16,0
DA:17,0
DA:19,0
DA:21,0
DA:23,0
DA:25,0
DA:27,0
DA:28,0
DA:33,0
DA:35,0
DA:36,0
DA:37,0
LF:15
LH:0
end_of_record
